<?xml version="1.0" encoding="UTF-8"?>
<!-- Generated by org.testng.reporters.JUnitXMLReporter -->
<testsuite ignored="0" hostname="DESKTOP-MP0CRIB" failures="0" tests="8" name="Default test" time="0.09" errors="0" timestamp="2021-02-16T16:48:00 IST">
  <testcase classname="mission.hospital.tests.TestCases" name="getPatientsVisitedInBangalore" time="0.006"/>
  <testcase classname="mission.hospital.tests.TestCases" name="getPatientsVisitedInBangaloreToday" time="0.005"/>
  <testcase classname="mission.hospital.tests.TestCases" name="getPatientsVisitedInBangaloreYesterday" time="0.001"/>
  <testcase classname="mission.hospital.tests.TestCases" name="getPatientsVisitedOutOfBangalore" time="0.001"/>
  <testcase classname="mission.hospital.tests.TestCases" name="getPercentageOfPatientsVisit" time="0.001"/>
  <testcase classname="mission.hospital.tests.TestCases" name="getPercentageOfPatientsVisitForDate" time="0.007"/>
  <testcase classname="mission.hospital.tests.TestCases" name="verifyNumOfTotalHospitals" time="0.002"/>
  <testcase classname="mission.hospital.tests.TestCases" name="verifyNumOfTotalPatients" time="0.001"/>
</testsuite> <!-- Default test -->
