<?xml version="1.0" encoding="UTF-8"?>
<testng-results ignored="0" total="8" passed="8" failed="0" skipped="0">
  <reporter-output>
  </reporter-output>
  <suite started-at="2021-02-16T16:48:00 IST" name="Default suite" finished-at="2021-02-16T16:48:00 IST" duration-ms="90">
    <groups>
    </groups>
    <test started-at="2021-02-16T16:48:00 IST" name="Default test" finished-at="2021-02-16T16:48:00 IST" duration-ms="90">
      <class name="mission.hospital.tests.TestCases">
        <test-method is-config="true" signature="prepareData()[pri:0, instance:mission.hospital.tests.TestCases@6b19b79]" started-at="2021-02-16T16:48:00 IST" name="prepareData" finished-at="2021-02-16T16:48:00 IST" duration-ms="26" status="PASS">
          <reporter-output>
          </reporter-output>
        </test-method> <!-- prepareData -->
        <test-method signature="getPatientsVisitedInBangalore()[pri:0, instance:mission.hospital.tests.TestCases@6b19b79]" started-at="2021-02-16T16:48:00 IST" name="getPatientsVisitedInBangalore" finished-at="2021-02-16T16:48:00 IST" duration-ms="6" status="PASS">
          <reporter-output>
          </reporter-output>
        </test-method> <!-- getPatientsVisitedInBangalore -->
        <test-method signature="getPatientsVisitedInBangaloreToday()[pri:0, instance:mission.hospital.tests.TestCases@6b19b79]" started-at="2021-02-16T16:48:00 IST" name="getPatientsVisitedInBangaloreToday" finished-at="2021-02-16T16:48:00 IST" duration-ms="5" status="PASS">
          <reporter-output>
          </reporter-output>
        </test-method> <!-- getPatientsVisitedInBangaloreToday -->
        <test-method signature="getPatientsVisitedInBangaloreYesterday()[pri:0, instance:mission.hospital.tests.TestCases@6b19b79]" started-at="2021-02-16T16:48:00 IST" name="getPatientsVisitedInBangaloreYesterday" finished-at="2021-02-16T16:48:00 IST" duration-ms="1" status="PASS">
          <reporter-output>
          </reporter-output>
        </test-method> <!-- getPatientsVisitedInBangaloreYesterday -->
        <test-method signature="getPatientsVisitedOutOfBangalore()[pri:0, instance:mission.hospital.tests.TestCases@6b19b79]" started-at="2021-02-16T16:48:00 IST" name="getPatientsVisitedOutOfBangalore" finished-at="2021-02-16T16:48:00 IST" duration-ms="1" status="PASS">
          <reporter-output>
          </reporter-output>
        </test-method> <!-- getPatientsVisitedOutOfBangalore -->
        <test-method signature="getPercentageOfPatientsVisit()[pri:0, instance:mission.hospital.tests.TestCases@6b19b79]" started-at="2021-02-16T16:48:00 IST" name="getPercentageOfPatientsVisit" finished-at="2021-02-16T16:48:00 IST" duration-ms="1" status="PASS">
          <reporter-output>
          </reporter-output>
        </test-method> <!-- getPercentageOfPatientsVisit -->
        <test-method signature="getPercentageOfPatientsVisitForDate()[pri:0, instance:mission.hospital.tests.TestCases@6b19b79]" started-at="2021-02-16T16:48:00 IST" name="getPercentageOfPatientsVisitForDate" finished-at="2021-02-16T16:48:00 IST" duration-ms="7" status="PASS">
          <reporter-output>
          </reporter-output>
        </test-method> <!-- getPercentageOfPatientsVisitForDate -->
        <test-method signature="verifyNumOfTotalHospitals()[pri:0, instance:mission.hospital.tests.TestCases@6b19b79]" started-at="2021-02-16T16:48:00 IST" name="verifyNumOfTotalHospitals" finished-at="2021-02-16T16:48:00 IST" duration-ms="2" status="PASS">
          <reporter-output>
          </reporter-output>
        </test-method> <!-- verifyNumOfTotalHospitals -->
        <test-method signature="verifyNumOfTotalPatients()[pri:0, instance:mission.hospital.tests.TestCases@6b19b79]" started-at="2021-02-16T16:48:00 IST" name="verifyNumOfTotalPatients" finished-at="2021-02-16T16:48:00 IST" duration-ms="1" status="PASS">
          <reporter-output>
          </reporter-output>
        </test-method> <!-- verifyNumOfTotalPatients -->
      </class> <!-- mission.hospital.tests.TestCases -->
    </test> <!-- Default test -->
  </suite> <!-- Default suite -->
</testng-results>
